1652683707026	geckodriver	INFO	Listening on 127.0.0.1:55077
1652683709149	mozrunner::runner	INFO	Running command: "C:\\Program Files\\Mozilla Firefox\\firefox.exe" "--marionette" "--remote-debugging-port" "55078" "--remote-allow-hosts" "localhost" "-no-remote" "-profile" "C:\\Users\\azimi\\AppData\\Local\\Temp\\rust_mozprofileedrgYb"
1652683710799	Marionette	INFO	Marionette enabled
console.warn: SearchSettings: "get: No settings file exists, new profile?" (new NotFoundError("Could not open the file at C:\\Users\\azimi\\AppData\\Local\\Temp\\rust_mozprofileedrgYb\\search.json.mozlz4", (void 0)))
console.error: BackgroundUpdate: 
  maybeScheduleBackgroundUpdateTask: exiting after uncaught exception in maybeScheduleBackgroundUpdateTask!
  Message: [Exception... "Component returned failure code: 0x80004005 (NS_ERROR_FAILURE) [nsIWinTaskSchedulerService.deleteTask]"  nsresult: "0x80004005 (NS_ERROR_FAILURE)"  location: "JS frame :: resource://gre/modules/TaskSchedulerWinImpl.jsm :: deleteTask :: line 60"  data: no]
  Stack:
    deleteTask@resource://gre/modules/TaskSchedulerWinImpl.jsm:60:16
deleteTask@resource://gre/modules/TaskScheduler.jsm:145:18
maybeScheduleBackgroundUpdateTask@resource://gre/modules/BackgroundUpdate.jsm:469:31

DevTools listening on ws://localhost:55078/devtools/browser/9fb2014a-5791-427d-8921-d43ec9957430
1652683721998	Marionette	INFO	Listening on port 55118
Read port: 55118
1652683722064	RemoteAgent	WARN	TLS certificate errors will be ignored for this session
JavaScript warning: https://www.xe.com/_next/static/chunks/commons.c5900dfeb0c4c9dc8f03.js, line 1: unreachable code after return statement
1652683785797	Marionette	INFO	Stopped listening on port 55118
console.warn: TopSitesFeed: Failed to fetch data from Contile server: NetworkError when attempting to fetch resource.
1652684208140	geckodriver	INFO	Listening on 127.0.0.1:55690
1652684210157	mozrunner::runner	INFO	Running command: "C:\\Program Files\\Mozilla Firefox\\firefox.exe" "--marionette" "--remote-debugging-port" "55691" "--remote-allow-hosts" "localhost" "-no-remote" "-profile" "C:\\Users\\azimi\\AppData\\Local\\Temp\\rust_mozprofile6PnNFz"
1652684210615	Marionette	INFO	Marionette enabled
console.warn: SearchSettings: "get: No settings file exists, new profile?" (new NotFoundError("Could not open the file at C:\\Users\\azimi\\AppData\\Local\\Temp\\rust_mozprofile6PnNFz\\search.json.mozlz4", (void 0)))
console.error: BackgroundUpdate: 
  maybeScheduleBackgroundUpdateTask: exiting after uncaught exception in maybeScheduleBackgroundUpdateTask!
  Message: [Exception... "Component returned failure code: 0x80004005 (NS_ERROR_FAILURE) [nsIWinTaskSchedulerService.deleteTask]"  nsresult: "0x80004005 (NS_ERROR_FAILURE)"  location: "JS frame :: resource://gre/modules/TaskSchedulerWinImpl.jsm :: deleteTask :: line 60"  data: no]
  Stack:
    deleteTask@resource://gre/modules/TaskSchedulerWinImpl.jsm:60:16
deleteTask@resource://gre/modules/TaskScheduler.jsm:145:18
maybeScheduleBackgroundUpdateTask@resource://gre/modules/BackgroundUpdate.jsm:469:31

DevTools listening on ws://localhost:55691/devtools/browser/89773f99-d459-4af5-bc45-ea58314b1ab6
1652684215838	Marionette	INFO	Listening on port 55717
Read port: 55717
1652684216136	RemoteAgent	WARN	TLS certificate errors will be ignored for this session
JavaScript warning: https://www.xe.com/_next/static/chunks/commons.c5900dfeb0c4c9dc8f03.js, line 1: unreachable code after return statement
1652684280855	Marionette	INFO	Stopped listening on port 55717
console.warn: TopSitesFeed: Failed to fetch data from Contile server: NetworkError when attempting to fetch resource.
1652684302630	geckodriver	INFO	Listening on 127.0.0.1:55937
1652684304645	mozrunner::runner	INFO	Running command: "C:\\Program Files\\Mozilla Firefox\\firefox.exe" "--marionette" "--remote-debugging-port" "55938" "--remote-allow-hosts" "localhost" "-no-remote" "-profile" "C:\\Users\\azimi\\AppData\\Local\\Temp\\rust_mozprofileKg8lbL"
1652684305086	Marionette	INFO	Marionette enabled
console.warn: SearchSettings: "get: No settings file exists, new profile?" (new NotFoundError("Could not open the file at C:\\Users\\azimi\\AppData\\Local\\Temp\\rust_mozprofileKg8lbL\\search.json.mozlz4", (void 0)))
DevTools listening on ws://localhost:55938/devtools/browser/0f19b1e3-371a-4fba-b0a0-f967fe2fc3c3
1652684309842	Marionette	INFO	Listening on port 55964
Read port: 55964
console.error: BackgroundUpdate: 
  maybeScheduleBackgroundUpdateTask: exiting after uncaught exception in maybeScheduleBackgroundUpdateTask!
  Message: [Exception... "Component returned failure code: 0x80004005 (NS_ERROR_FAILURE) [nsIWinTaskSchedulerService.deleteTask]"  nsresult: "0x80004005 (NS_ERROR_FAILURE)"  location: "JS frame :: resource://gre/modules/TaskSchedulerWinImpl.jsm :: deleteTask :: line 60"  data: no]
  Stack:
    deleteTask@resource://gre/modules/TaskSchedulerWinImpl.jsm:60:16
deleteTask@resource://gre/modules/TaskScheduler.jsm:145:18
maybeScheduleBackgroundUpdateTask@resource://gre/modules/BackgroundUpdate.jsm:469:31

1652684310764	RemoteAgent	WARN	TLS certificate errors will be ignored for this session
JavaScript warning: https://www.xe.com/_next/static/chunks/commons.c5900dfeb0c4c9dc8f03.js, line 1: unreachable code after return statement
1652684394478	Marionette	INFO	Stopped listening on port 55964
console.warn: TopSitesFeed: Failed to fetch data from Contile server: NetworkError when attempting to fetch resource.

###!!! [Parent][PGPUParent] Error: RunMessage(msgname=PGPU::Msg_ShutdownVR) Channel closing: too late to send/recv, messages will be lost

1652684576800	geckodriver	INFO	Listening on 127.0.0.1:56401
1652684578820	mozrunner::runner	INFO	Running command: "C:\\Program Files\\Mozilla Firefox\\firefox.exe" "--marionette" "--remote-debugging-port" "56402" "--remote-allow-hosts" "localhost" "-no-remote" "-profile" "C:\\Users\\azimi\\AppData\\Local\\Temp\\rust_mozprofilewVZsvo"
1652684579318	Marionette	INFO	Marionette enabled
console.warn: SearchSettings: "get: No settings file exists, new profile?" (new NotFoundError("Could not open the file at C:\\Users\\azimi\\AppData\\Local\\Temp\\rust_mozprofilewVZsvo\\search.json.mozlz4", (void 0)))
console.error: BackgroundUpdate: 
  maybeScheduleBackgroundUpdateTask: exiting after uncaught exception in maybeScheduleBackgroundUpdateTask!
  Message: [Exception... "Component returned failure code: 0x80004005 (NS_ERROR_FAILURE) [nsIWinTaskSchedulerService.deleteTask]"  nsresult: "0x80004005 (NS_ERROR_FAILURE)"  location: "JS frame :: resource://gre/modules/TaskSchedulerWinImpl.jsm :: deleteTask :: line 60"  data: no]
  Stack:
    deleteTask@resource://gre/modules/TaskSchedulerWinImpl.jsm:60:16
deleteTask@resource://gre/modules/TaskScheduler.jsm:145:18
maybeScheduleBackgroundUpdateTask@resource://gre/modules/BackgroundUpdate.jsm:469:31

DevTools listening on ws://localhost:56402/devtools/browser/22982e7d-a7be-40b0-8646-8cc8acf9a334
1652684583946	Marionette	INFO	Listening on port 56425
Read port: 56425
1652684584418	RemoteAgent	WARN	TLS certificate errors will be ignored for this session
JavaScript warning: https://www.xe.com/_next/static/chunks/commons.c5900dfeb0c4c9dc8f03.js, line 1: unreachable code after return statement
1652684589893	Marionette	WARN	TimedPromise timed out after 500 ms: stacktrace:
TimedPromise/<@chrome://remote/content/marionette/sync.js:235:19
TimedPromise@chrome://remote/content/marionette/sync.js:220:10
interaction.flushEventLoop@chrome://remote/content/marionette/interaction.js:431:10
webdriverClickElement@chrome://remote/content/marionette/interaction.js:179:31
1652684739912	Marionette	INFO	Stopped listening on port 56425
console.warn: TopSitesFeed: Failed to fetch data from Contile server: NetworkError when attempting to fetch resource.
[Parent 7488, IPC I/O Parent] WARNING: file /builds/worker/checkouts/gecko/ipc/chromium/src/base/process_util_win.cc:167

###!!! [Parent][PGPUParent] Error: RunMessage(msgname=PGPU::Msg_ShutdownVR) Channel closing: too late to send/recv, messages will be lost

1652684756232	geckodriver	INFO	Listening on 127.0.0.1:56802
1652684758257	mozrunner::runner	INFO	Running command: "C:\\Program Files\\Mozilla Firefox\\firefox.exe" "--marionette" "--remote-debugging-port" "56803" "--remote-allow-hosts" "localhost" "-no-remote" "-profile" "C:\\Users\\azimi\\AppData\\Local\\Temp\\rust_mozprofilejFEUBB"
1652684758717	Marionette	INFO	Marionette enabled
console.warn: SearchSettings: "get: No settings file exists, new profile?" (new NotFoundError("Could not open the file at C:\\Users\\azimi\\AppData\\Local\\Temp\\rust_mozprofilejFEUBB\\search.json.mozlz4", (void 0)))
DevTools listening on ws://localhost:56803/devtools/browser/6f4e5175-3fea-462b-8923-fdf2d3cec9c5
1652684763151	Marionette	INFO	Listening on port 56828
Read port: 56828
console.error: BackgroundUpdate: 
  maybeScheduleBackgroundUpdateTask: exiting after uncaught exception in maybeScheduleBackgroundUpdateTask!
  Message: [Exception... "Component returned failure code: 0x80004005 (NS_ERROR_FAILURE) [nsIWinTaskSchedulerService.deleteTask]"  nsresult: "0x80004005 (NS_ERROR_FAILURE)"  location: "JS frame :: resource://gre/modules/TaskSchedulerWinImpl.jsm :: deleteTask :: line 60"  data: no]
  Stack:
    deleteTask@resource://gre/modules/TaskSchedulerWinImpl.jsm:60:16
deleteTask@resource://gre/modules/TaskScheduler.jsm:145:18
maybeScheduleBackgroundUpdateTask@resource://gre/modules/BackgroundUpdate.jsm:469:31

1652684764160	RemoteAgent	WARN	TLS certificate errors will be ignored for this session
JavaScript warning: https://www.xe.com/_next/static/chunks/commons.c5900dfeb0c4c9dc8f03.js, line 1: unreachable code after return statement
1652684981039	Marionette	INFO	Stopped listening on port 56828
console.warn: TopSitesFeed: Failed to fetch data from Contile server: NetworkError when attempting to fetch resource.

###!!! [Parent][PGPUParent] Error: RunMessage(msgname=PGPU::Msg_ShutdownVR) Channel closing: too late to send/recv, messages will be lost

1652684984957	geckodriver	INFO	Listening on 127.0.0.1:53787
1652684986976	mozrunner::runner	INFO	Running command: "C:\\Program Files\\Mozilla Firefox\\firefox.exe" "--marionette" "--remote-debugging-port" "53788" "--remote-allow-hosts" "localhost" "-no-remote" "-profile" "C:\\Users\\azimi\\AppData\\Local\\Temp\\rust_mozprofiletnKAR0"
1652684987410	Marionette	INFO	Marionette enabled
console.warn: SearchSettings: "get: No settings file exists, new profile?" (new NotFoundError("Could not open the file at C:\\Users\\azimi\\AppData\\Local\\Temp\\rust_mozprofiletnKAR0\\search.json.mozlz4", (void 0)))
console.error: BackgroundUpdate: 
  maybeScheduleBackgroundUpdateTask: exiting after uncaught exception in maybeScheduleBackgroundUpdateTask!
  Message: [Exception... "Component returned failure code: 0x80004005 (NS_ERROR_FAILURE) [nsIWinTaskSchedulerService.deleteTask]"  nsresult: "0x80004005 (NS_ERROR_FAILURE)"  location: "JS frame :: resource://gre/modules/TaskSchedulerWinImpl.jsm :: deleteTask :: line 60"  data: no]
  Stack:
    deleteTask@resource://gre/modules/TaskSchedulerWinImpl.jsm:60:16
deleteTask@resource://gre/modules/TaskScheduler.jsm:145:18
maybeScheduleBackgroundUpdateTask@resource://gre/modules/BackgroundUpdate.jsm:469:31

DevTools listening on ws://localhost:53788/devtools/browser/0c312e96-8019-4c11-aabb-c87764ec147d
1652684991418	Marionette	INFO	Listening on port 53829
Read port: 53829
1652684991894	RemoteAgent	WARN	TLS certificate errors will be ignored for this session
JavaScript warning: https://www.xe.com/_next/static/chunks/commons.c5900dfeb0c4c9dc8f03.js, line 1: unreachable code after return statement
1652685077501	Marionette	INFO	Stopped listening on port 53829
console.warn: TopSitesFeed: Failed to fetch data from Contile server: NetworkError when attempting to fetch resource.
1652685163834	geckodriver	INFO	Listening on 127.0.0.1:54260
1652685165855	mozrunner::runner	INFO	Running command: "C:\\Program Files\\Mozilla Firefox\\firefox.exe" "--marionette" "--remote-debugging-port" "54261" "--remote-allow-hosts" "localhost" "-no-remote" "-profile" "C:\\Users\\azimi\\AppData\\Local\\Temp\\rust_mozprofileLUI5ad"
1652685166271	Marionette	INFO	Marionette enabled
console.warn: SearchSettings: "get: No settings file exists, new profile?" (new NotFoundError("Could not open the file at C:\\Users\\azimi\\AppData\\Local\\Temp\\rust_mozprofileLUI5ad\\search.json.mozlz4", (void 0)))
console.error: BackgroundUpdate: 
  maybeScheduleBackgroundUpdateTask: exiting after uncaught exception in maybeScheduleBackgroundUpdateTask!
  Message: [Exception... "Component returned failure code: 0x80004005 (NS_ERROR_FAILURE) [nsIWinTaskSchedulerService.deleteTask]"  nsresult: "0x80004005 (NS_ERROR_FAILURE)"  location: "JS frame :: resource://gre/modules/TaskSchedulerWinImpl.jsm :: deleteTask :: line 60"  data: no]
  Stack:
    deleteTask@resource://gre/modules/TaskSchedulerWinImpl.jsm:60:16
deleteTask@resource://gre/modules/TaskScheduler.jsm:145:18
maybeScheduleBackgroundUpdateTask@resource://gre/modules/BackgroundUpdate.jsm:469:31

DevTools listening on ws://localhost:54261/devtools/browser/fefdaa43-32a3-4d2c-a5df-eb8e512d9d21
1652685170875	Marionette	INFO	Listening on port 54279
Read port: 54279
1652685170989	RemoteAgent	WARN	TLS certificate errors will be ignored for this session
console.error: Region.jsm: "Error fetching region" (new Error("TIMEOUT", "resource://gre/modules/Region.jsm", 772))
console.error: Region.jsm: "Failed to fetch region" (new Error("TIMEOUT", "resource://gre/modules/Region.jsm", 419))
JavaScript warning: https://www.xe.com/_next/static/chunks/commons.c5900dfeb0c4c9dc8f03.js, line 1: unreachable code after return statement
1652685182977	Marionette	WARN	TimedPromise timed out after 500 ms: stacktrace:
TimedPromise/<@chrome://remote/content/marionette/sync.js:235:19
TimedPromise@chrome://remote/content/marionette/sync.js:220:10
interaction.flushEventLoop@chrome://remote/content/marionette/interaction.js:431:10
webdriverClickElement@chrome://remote/content/marionette/interaction.js:179:31
1652685207797	Marionette	INFO	Stopped listening on port 54279
console.warn: TopSitesFeed: Failed to fetch data from Contile server: NetworkError when attempting to fetch resource.
1652688235034	geckodriver	INFO	Listening on 127.0.0.1:56189
1652688237051	mozrunner::runner	INFO	Running command: "C:\\Program Files\\Mozilla Firefox\\firefox.exe" "--marionette" "--remote-debugging-port" "56190" "--remote-allow-hosts" "localhost" "-no-remote" "-profile" "C:\\Users\\azimi\\AppData\\Local\\Temp\\rust_mozprofilekTHRHq"
1652688237475	Marionette	INFO	Marionette enabled
console.warn: SearchSettings: "get: No settings file exists, new profile?" (new NotFoundError("Could not open the file at C:\\Users\\azimi\\AppData\\Local\\Temp\\rust_mozprofilekTHRHq\\search.json.mozlz4", (void 0)))
console.error: BackgroundUpdate: 
  maybeScheduleBackgroundUpdateTask: exiting after uncaught exception in maybeScheduleBackgroundUpdateTask!
  Message: [Exception... "Component returned failure code: 0x80004005 (NS_ERROR_FAILURE) [nsIWinTaskSchedulerService.deleteTask]"  nsresult: "0x80004005 (NS_ERROR_FAILURE)"  location: "JS frame :: resource://gre/modules/TaskSchedulerWinImpl.jsm :: deleteTask :: line 60"  data: no]
  Stack:
    deleteTask@resource://gre/modules/TaskSchedulerWinImpl.jsm:60:16
deleteTask@resource://gre/modules/TaskScheduler.jsm:145:18
maybeScheduleBackgroundUpdateTask@resource://gre/modules/BackgroundUpdate.jsm:469:31

DevTools listening on ws://localhost:56190/devtools/browser/c1d104a2-3e76-4bca-a4ae-cc807a6bcc7e
1652688241495	Marionette	INFO	Listening on port 56209
Read port: 56209
1652688241859	RemoteAgent	WARN	TLS certificate errors will be ignored for this session
JavaScript warning: https://www.xe.com/_next/static/chunks/commons.c5900dfeb0c4c9dc8f03.js, line 1: unreachable code after return statement
1652688545264	Marionette	INFO	Stopped listening on port 56209
console.warn: TopSitesFeed: Failed to fetch data from Contile server: NetworkError when attempting to fetch resource.
JavaScript error: chrome://remote/content/marionette/cert.js, line 55: NS_ERROR_NOT_AVAILABLE: Component returned failure code: 0x80040111 (NS_ERROR_NOT_AVAILABLE) [nsICertOverrideService.setDisableAllSecurityChecksAndLetAttackersInterceptMyData]
1652688619032	geckodriver	INFO	Listening on 127.0.0.1:56501
1652688621032	mozrunner::runner	INFO	Running command: "C:\\Program Files\\Mozilla Firefox\\firefox.exe" "--marionette" "--remote-debugging-port" "56502" "--remote-allow-hosts" "localhost" "-no-remote" "-profile" "C:\\Users\\azimi\\AppData\\Local\\Temp\\rust_mozprofileWcprix"
1652688621427	Marionette	INFO	Marionette enabled
console.warn: SearchSettings: "get: No settings file exists, new profile?" (new NotFoundError("Could not open the file at C:\\Users\\azimi\\AppData\\Local\\Temp\\rust_mozprofileWcprix\\search.json.mozlz4", (void 0)))
JavaScript error: resource://activity-stream/lib/ActivityStreamPrefs.jsm, line 27: NS_ERROR_ILLEGAL_VALUE: Component returned failure code: 0x80070057 (NS_ERROR_ILLEGAL_VALUE) [nsIPrefBranch.removeObserver]
console.log: "RemoteSettingsWorker error: AbortError: IndexedDB:  execute() A request was aborted, for example through a call to IDBTransaction.abort."

###!!! [Parent][PProfilerParent] Error: RunMessage(msgname=PProfiler::Reply_Stop) Channel closing: too late to send/recv, messages will be lost

console.warn: TopSitesFeed: Failed to fetch data from Contile server: NetworkError when attempting to fetch resource.
JavaScript error: resource://gre/modules/ExtensionSettingsStore.jsm, line 122: Error: The ExtensionSettingsStore was accessed before the initialize promise resolved.
JavaScript error: resource://gre/modules/JSONFile.jsm, line 186: Error: Data is not ready.
console.log: "RemoteSettingsWorker error: Error: Can't import when we've started shutting down."
console.log: "RemoteSettingsWorker error: Error: Can't import when we've started shutting down."
console.log: "RemoteSettingsWorker error: Error: Can't import when we've started shutting down."
console.log: "RemoteSettingsWorker error: Error: Can't import when we've started shutting down."
JavaScript error: , line 0: AbortError: A request was aborted, for example through a call to IDBTransaction.abort.
JavaScript error: resource://gre/modules/CrashManager.jsm, line 898: AbortError: IOUtils: Shutting down and refusing additional I/O tasks
RunWatchdog: Mainthread nested event loops during hang: 
 --- (no nested event loop active)
s" "localhost" "-no-remote" "-profile" "C:\\Users\\azimi\\AppData\\Local\\Temp\\rust_mozprofileYLew2K"
1652688668685	Marionette	INFO	Marionette enabled
console.warn: SearchSettings: "get: No settings file exists, new profile?" (new NotFoundError("Could not open the file at C:\\Users\\azimi\\AppData\\Local\\Temp\\rust_mozprofileYLew2K\\search.json.mozlz4", (void 0)))
console.error: BackgroundUpdate: 
  maybeScheduleBackgroundUpdateTask: exiting after uncaught exception in maybeScheduleBackgroundUpdateTask!
  Message: [Exception... "Component returned failure code: 0x80004005 (NS_ERROR_FAILURE) [nsIWinTaskSchedulerService.deleteTask]"  nsresult: "0x80004005 (NS_ERROR_FAILURE)"  location: "JS frame :: resource://gre/modules/TaskSchedulerWinImpl.jsm :: deleteTask :: line 60"  data: no]
  Stack:
    deleteTask@resource://gre/modules/TaskSchedulerWinImpl.jsm:60:16
deleteTask@resource://gre/modules/TaskScheduler.jsm:145:18
maybeScheduleBackgroundUpdateTask@resource://gre/modules/BackgroundUpdate.jsm:469:31

DevTools listening on ws://localhost:56530/devtools/browser/b6d30dc3-b55d-42b6-a2a1-360b291b6860
1652688673725	Marionette	INFO	Listening on port 56550
Read port: 56550
1652688673984	RemoteAgent	WARN	TLS certificate errors will be ignored for this session
JavaScript warning: https://www.xe.com/_next/static/chunks/commons.c5900dfeb0c4c9dc8f03.js, line 1: unreachable code after return statement
1652688768539	Marionette	INFO	Stopped listening on port 56550
console.warn: TopSitesFeed: Failed to fetch data from Contile server: NetworkError when attempting to fetch resource.
[GFX1-]: Receive IPC close with reason=AbnormalShutdown
1652689361221	geckodriver	INFO	Listening on 127.0.0.1:57181
1652689363237	mozrunner::runner	INFO	Running command: "C:\\Program Files\\Mozilla Firefox\\firefox.exe" "--marionette" "--remote-debugging-port" "57182" "--remote-allow-hosts" "localhost" "-no-remote" "-profile" "C:\\Users\\azimi\\AppData\\Local\\Temp\\rust_mozprofile6oAxB8"
1652689363700	Marionette	INFO	Marionette enabled
console.warn: SearchSettings: "get: No settings file exists, new profile?" (new NotFoundError("Could not open the file at C:\\Users\\azimi\\AppData\\Local\\Temp\\rust_mozprofile6oAxB8\\search.json.mozlz4", (void 0)))
console.error: BackgroundUpdate: 
  maybeScheduleBackgroundUpdateTask: exiting after uncaught exception in maybeScheduleBackgroundUpdateTask!
  Message: [Exception... "Component returned failure code: 0x80004005 (NS_ERROR_FAILURE) [nsIWinTaskSchedulerService.deleteTask]"  nsresult: "0x80004005 (NS_ERROR_FAILURE)"  location: "JS frame :: resource://gre/modules/TaskSchedulerWinImpl.jsm :: deleteTask :: line 60"  data: no]
  Stack:
    deleteTask@resource://gre/modules/TaskSchedulerWinImpl.jsm:60:16
deleteTask@resource://gre/modules/TaskScheduler.jsm:145:18
maybeScheduleBackgroundUpdateTask@resource://gre/modules/BackgroundUpdate.jsm:469:31

DevTools listening on ws://localhost:57182/devtools/browser/214f7c96-aa61-4e60-b4be-90d5c4b5be54
1652689369409	Marionette	INFO	Listening on port 57206
Read port: 57206
1652689369515	RemoteAgent	WARN	TLS certificate errors will be ignored for this session
JavaScript warning: https://www.xe.com/_next/static/chunks/commons.c5900dfeb0c4c9dc8f03.js, line 1: unreachable code after return statement
1652689995321	Marionette	INFO	Stopped listening on port 57206
console.warn: TopSitesFeed: Failed to fetch data from Contile server: NetworkError when attempting to fetch resource.
JavaScript error: chrome://remote/content/marionette/cert.js, line 55: NS_ERROR_NOT_AVAILABLE: Component returned failure code: 0x80040111 (NS_ERROR_NOT_AVAILABLE) [nsICertOverrideService.setDisableAllSecurityChecksAndLetAttackersInterceptMyData]
1652690287765	geckodriver	INFO	Listening on 127.0.0.1:52339
1652690289788	mozrunner::runner	INFO	Running command: "C:\\Program Files\\Mozilla Firefox\\firefox.exe" "--marionette" "--remote-debugging-port" "52340" "--remote-allow-hosts" "localhost" "-no-remote" "-profile" "C:\\Users\\azimi\\AppData\\Local\\Temp\\rust_mozprofilezq2TBm"
1652690290263	Marionette	INFO	Marionette enabled
console.warn: SearchSettings: "get: No settings file exists, new profile?" (new NotFoundError("Could not open the file at C:\\Users\\azimi\\AppData\\Local\\Temp\\rust_mozprofilezq2TBm\\search.json.mozlz4", (void 0)))
console.error: BackgroundUpdate: 
  maybeScheduleBackgroundUpdateTask: exiting after uncaught exception in maybeScheduleBackgroundUpdateTask!
  Message: [Exception... "Component returned failure code: 0x80004005 (NS_ERROR_FAILURE) [nsIWinTaskSchedulerService.deleteTask]"  nsresult: "0x80004005 (NS_ERROR_FAILURE)"  location: "JS frame :: resource://gre/modules/TaskSchedulerWinImpl.jsm :: deleteTask :: line 60"  data: no]
  Stack:
    deleteTask@resource://gre/modules/TaskSchedulerWinImpl.jsm:60:16
deleteTask@resource://gre/modules/TaskScheduler.jsm:145:18
maybeScheduleBackgroundUpdateTask@resource://gre/modules/BackgroundUpdate.jsm:469:31

DevTools listening on ws://localhost:52340/devtools/browser/5e2a9802-e2b3-417c-bb4e-fb1226f4c62b
1652690294764	Marionette	INFO	Listening on port 52365
Read port: 52365
1652690295613	RemoteAgent	WARN	TLS certificate errors will be ignored for this session
JavaScript warning: https://www.xe.com/_next/static/chunks/commons.c5900dfeb0c4c9dc8f03.js, line 1: unreachable code after return statement
SourceActor threw an exception: [Exception... "Component returned failure code: 0x80470002 (NS_BASE_STREAM_CLOSED) [nsIInputStream.available]"  nsresult: "0x80470002 (NS_BASE_STREAM_CLOSED)"  location: "JS frame :: resource://devtools/shared/DevToolsUtils.js :: onResponse :: line 567"  data: no]
Stack: onResponse@resource://devtools/shared/DevToolsUtils.js:567:34
onStopRequest@resource://gre/modules/NetUtil.jsm:128:18
Line: 567, column: 0
console.error: ({})
JavaScript error: resource://devtools/shared/DevToolsUtils.js, line 567: NS_BASE_STREAM_CLOSED: Component returned failure code: 0x80470002 (NS_BASE_STREAM_CLOSED) [nsIInputStream.available]
console.warn: "Async method failed in safeAsyncMethod" (new Error("Connection closed, pending request to server0.conn0.windowGlobal4294967328/layout25, type getGrids failed\n\nRequest stack:\nrequest@resource://devtools/shared/protocol/Front.js:292:14\ngenerateRequestMethods/</frontProto[name]@resource://devtools/shared/protocol/Front/FrontClassWithSpec.js:46:19\ngetAllGrids@resource://devtools/client/fronts/layout.js:171:17\nexports.safeAsyncMethod/<@resource://devtools/shared/async-utils.js:61:25\ngetGrids@resource://devtools/client/inspector/grids/grid-inspector.js:449:35\n", "resource://devtools/shared/protocol/Front.js", 106))
console.warn: "Async method failed in safeAsyncMethod" (new Error("Connection closed, pending request to server0.conn0.windowGlobal4294967327/layout25, type getGrids failed\n\nRequest stack:\nrequest@resource://devtools/shared/protocol/Front.js:292:14\ngenerateRequestMethods/</frontProto[name]@resource://devtools/shared/protocol/Front/FrontClassWithSpec.js:46:19\ngetAllGrids@resource://devtools/client/fronts/layout.js:171:17\nexports.safeAsyncMethod/<@resource://devtools/shared/async-utils.js:61:25\ngetGrids@resource://devtools/client/inspector/grids/grid-inspector.js:449:35\n", "resource://devtools/shared/protocol/Front.js", 106))
console.warn: "Async method failed in safeAsyncMethod" (new Error("Connection closed, pending request to server0.conn0.windowGlobal4294967318/layout25, type getGrids failed\n\nRequest stack:\nrequest@resource://devtools/shared/protocol/Front.js:292:14\ngenerateRequestMethods/</frontProto[name]@resource://devtools/shared/protocol/Front/FrontClassWithSpec.js:46:19\ngetAllGrids@resource://devtools/client/fronts/layout.js:171:17\nexports.safeAsyncMethod/<@resource://devtools/shared/async-utils.js:61:25\ngetGrids@resource://devtools/client/inspector/grids/grid-inspector.js:449:35\n", "resource://devtools/shared/protocol/Front.js", 106))
console.warn: "Async method failed in safeAsyncMethod" (new Error("Connection closed, pending request to server0.conn0.windowGlobal4294967320/layout25, type getGrids failed\n\nRequest stack:\nrequest@resource://devtools/shared/protocol/Front.js:292:14\ngenerateRequestMethods/</frontProto[name]@resource://devtools/shared/protocol/Front/FrontClassWithSpec.js:46:19\ngetAllGrids@resource://devtools/client/fronts/layout.js:171:17\nexports.safeAsyncMethod/<@resource://devtools/shared/async-utils.js:61:25\ngetGrids@resource://devtools/client/inspector/grids/grid-inspector.js:449:35\n", "resource://devtools/shared/protocol/Front.js", 106))
JavaScript error: resource://gre/modules/AsyncShutdown.jsm, line 575: NotFoundError: No such JSWindowActor 'DevToolsFrame'
JavaScript error: resource://gre/modules/AsyncShutdown.jsm, line 575: NotFoundError: No such JSWindowActor 'DevToolsFrame'
JavaScript error: resource://gre/modules/AsyncShutdown.jsm, line 575: NotFoundError: No such JSWindowActor 'DevToolsFrame'
JavaScript error: resource://gre/modules/AsyncShutdown.jsm, line 575: NotFoundError: No such JSWindowActor 'DevToolsFrame'
JavaScript error: resource://gre/modules/AsyncShutdown.jsm, line 575: NotFoundError: No such JSWindowActor 'DevToolsFrame'
JavaScript error: resource://gre/modules/AsyncShutdown.jsm, line 575: NotFoundError: No such JSWindowActor 'DevToolsFrame'
JavaScript error: resource://gre/modules/AsyncShutdown.jsm, line 575: NotFoundError: No such JSWindowActor 'DevToolsFrame'
JavaScript error: resource://gre/modules/AsyncShutdown.jsm, line 575: NotFoundError: No such JSWindowActor 'DevToolsFrame'
JavaScript error: resource://gre/modules/AsyncShutdown.jsm, line 575: NotFoundError: No such JSWindowActor 'DevToolsFrame'
JavaScript error: resource://gre/modules/AsyncShutdown.jsm, line 575: NotFoundError: No such JSWindowActor 'DevToolsFrame'
JavaScript error: resource://gre/modules/AsyncShutdown.jsm, line 575: NotFoundError: No such JSWindowActor 'DevToolsFrame'
JavaScript error: resource://gre/modules/AsyncShutdown.jsm, line 575: NotFoundError: No such JSWindowActor 'DevToolsFrame'
JavaScript error: resource://gre/modules/AsyncShutdown.jsm, line 575: NotFoundError: No such JSWindowActor 'DevToolsFrame'
JavaScript error: resource://gre/modules/AsyncShutdown.jsm, line 575: NotFoundError: No such JSWindowActor 'DevToolsFrame'
JavaScript error: resource://gre/modules/AsyncShutdown.jsm, line 575: NotFoundError: No such JSWindowActor 'DevToolsFrame'
JavaScript error: resource://gre/modules/AsyncShutdown.jsm, line 575: NotFoundError: No such JSWindowActor 'DevToolsFrame'
1652690429670	Marionette	INFO	Stopped listening on port 52365
1652690433368	geckodriver	INFO	Listening on 127.0.0.1:52625
1652690435386	mozrunner::runner	INFO	Running command: "C:\\Program Files\\Mozilla Firefox\\firefox.exe" "--marionette" "--remote-debugging-port" "52626" "--remote-allow-hosts" "localhost" "-no-remote" "-profile" "C:\\Users\\azimi\\AppData\\Local\\Temp\\rust_mozprofileh9KvJI"
1652690435818	Marionette	INFO	Marionette enabled
console.warn: SearchSettings: "get: No settings file exists, new profile?" (new NotFoundError("Could not open the file at C:\\Users\\azimi\\AppData\\Local\\Temp\\rust_mozprofileh9KvJI\\search.json.mozlz4", (void 0)))
console.error: BackgroundUpdate: 
  maybeScheduleBackgroundUpdateTask: exiting after uncaught exception in maybeScheduleBackgroundUpdateTask!
  Message: [Exception... "Component returned failure code: 0x80004005 (NS_ERROR_FAILURE) [nsIWinTaskSchedulerService.deleteTask]"  nsresult: "0x80004005 (NS_ERROR_FAILURE)"  location: "JS frame :: resource://gre/modules/TaskSchedulerWinImpl.jsm :: deleteTask :: line 60"  data: no]
  Stack:
    deleteTask@resource://gre/modules/TaskSchedulerWinImpl.jsm:60:16
deleteTask@resource://gre/modules/TaskScheduler.jsm:145:18
maybeScheduleBackgroundUpdateTask@resource://gre/modules/BackgroundUpdate.jsm:469:31

DevTools listening on ws://localhost:52626/devtools/browser/9e7a7654-d5c3-4f7b-ae08-bd897bd77b1a
1652690440013	Marionette	INFO	Listening on port 52652
Read port: 52652
1652690440150	RemoteAgent	WARN	TLS certificate errors will be ignored for this session
JavaScript warning: https://www.xe.com/_next/static/chunks/commons.c5900dfeb0c4c9dc8f03.js, line 1: unreachable code after return statement
1652690592524	Marionette	INFO	Stopped listening on port 52652
console.warn: TopSitesFeed: Failed to fetch data from Contile server: NetworkError when attempting to fetch resource.
[Parent 10476, IPC I/O Parent] WARNING: file /builds/worker/checkouts/gecko/ipc/chromium/src/base/process_util_win.cc:167
1652690752357	geckodriver	INFO	Listening on 127.0.0.1:53054
1652690754378	mozrunner::runner	INFO	Running command: "C:\\Program Files\\Mozilla Firefox\\firefox.exe" "--marionette" "--remote-debugging-port" "53055" "--remote-allow-hosts" "localhost" "-no-remote" "-profile" "C:\\Users\\azimi\\AppData\\Local\\Temp\\rust_mozprofileHWlXzc"
1652690754824	Marionette	INFO	Marionette enabled
console.warn: SearchSettings: "get: No settings file exists, new profile?" (new NotFoundError("Could not open the file at C:\\Users\\azimi\\AppData\\Local\\Temp\\rust_mozprofileHWlXzc\\search.json.mozlz4", (void 0)))
console.error: BackgroundUpdate: 
  maybeScheduleBackgroundUpdateTask: exiting after uncaught exception in maybeScheduleBackgroundUpdateTask!
  Message: [Exception... "Component returned failure code: 0x80004005 (NS_ERROR_FAILURE) [nsIWinTaskSchedulerService.deleteTask]"  nsresult: "0x80004005 (NS_ERROR_FAILURE)"  location: "JS frame :: resource://gre/modules/TaskSchedulerWinImpl.jsm :: deleteTask :: line 60"  data: no]
  Stack:
    deleteTask@resource://gre/modules/TaskSchedulerWinImpl.jsm:60:16
deleteTask@resource://gre/modules/TaskScheduler.jsm:145:18
maybeScheduleBackgroundUpdateTask@resource://gre/modules/BackgroundUpdate.jsm:469:31

DevTools listening on ws://localhost:53055/devtools/browser/9dff4d9e-abc4-467f-8132-2ece89bbdce6
1652690759003	Marionette	INFO	Listening on port 53080
Read port: 53080
1652690759619	RemoteAgent	WARN	TLS certificate errors will be ignored for this session
JavaScript warning: https://www.xe.com/_next/static/chunks/commons.c5900dfeb0c4c9dc8f03.js, line 1: unreachable code after return statement
SourceActor threw an exception: [Exception... "Component returned failure code: 0x80470002 (NS_BASE_STREAM_CLOSED) [nsIInputStream.available]"  nsresult: "0x80470002 (NS_BASE_STREAM_CLOSED)"  location: "JS frame :: resource://devtools/shared/DevToolsUtils.js :: onResponse :: line 567"  data: no]
Stack: onResponse@resource://devtools/shared/DevToolsUtils.js:567:34
onStopRequest@resource://gre/modules/NetUtil.jsm:128:18
Line: 567, column: 0
console.error: ({})
JavaScript error: resource://devtools/shared/DevToolsUtils.js, line 567: NS_BASE_STREAM_CLOSED: Component returned failure code: 0x80470002 (NS_BASE_STREAM_CLOSED) [nsIInputStream.available]
JavaScript error: resource://gre/modules/AsyncShutdown.jsm, line 575: NotFoundError: No such JSWindowActor 'DevToolsFrame'
JavaScript error: resource://gre/modules/AsyncShutdown.jsm, line 575: NotFoundError: No such JSWindowActor 'DevToolsFrame'
JavaScript error: resource://gre/modules/AsyncShutdown.jsm, line 575: NotFoundError: No such JSWindowActor 'DevToolsFrame'
JavaScript error: resource://gre/modules/AsyncShutdown.jsm, line 575: NotFoundError: No such JSWindowActor 'DevToolsFrame'
JavaScript error: resource://gre/modules/AsyncShutdown.jsm, line 575: NotFoundError: No such JSWindowActor 'DevToolsFrame'
JavaScript error: resource://gre/modules/AsyncShutdown.jsm, line 575: NotFoundError: No such JSWindowActor 'DevToolsFrame'
JavaScript error: resource://gre/modules/AsyncShutdown.jsm, line 575: NotFoundError: No such JSWindowActor 'DevToolsFrame'
JavaScript error: resource://gre/modules/AsyncShutdown.jsm, line 575: NotFoundError: No such JSWindowActor 'DevToolsFrame'
JavaScript error: resource://gre/modules/AsyncShutdown.jsm, line 575: NotFoundError: No such JSWindowActor 'DevToolsFrame'
JavaScript error: resource://gre/modules/AsyncShutdown.jsm, line 575: NotFoundError: No such JSWindowActor 'DevToolsFrame'
JavaScript error: resource://gre/modules/AsyncShutdown.jsm, line 575: NotFoundError: No such JSWindowActor 'DevToolsFrame'
JavaScript error: resource://gre/modules/AsyncShutdown.jsm, line 575: NotFoundError: No such JSWindowActor 'DevToolsFrame'
JavaScript error: resource://gre/modules/AsyncShutdown.jsm, line 575: NotFoundError: No such JSWindowActor 'DevToolsFrame'
JavaScript error: resource://gre/modules/AsyncShutdown.jsm, line 575: NotFoundError: No such JSWindowActor 'DevToolsFrame'
JavaScript error: resource://gre/modules/AsyncShutdown.jsm, line 575: NotFoundError: No such JSWindowActor 'DevToolsFrame'
JavaScript error: resource://gre/modules/AsyncShutdown.jsm, line 575: NotFoundError: No such JSWindowActor 'DevToolsFrame'
JavaScript error: resource://gre/modules/AsyncShutdown.jsm, line 575: NotFoundError: No such JSWindowActor 'DevToolsFrame'
1652690882759	Marionette	INFO	Stopped listening on port 53080
1652690889901	geckodriver	INFO	Listening on 127.0.0.1:53411
1652690891928	mozrunner::runner	INFO	Running command: "C:\\Program Files\\Mozilla Firefox\\firefox.exe" "--marionette" "--remote-debugging-port" "53412" "--remote-allow-hosts" "localhost" "-no-remote" "-profile" "C:\\Users\\azimi\\AppData\\Local\\Temp\\rust_mozprofileMctyXK"
1652690892365	Marionette	INFO	Marionette enabled
console.warn: SearchSettings: "get: No settings file exists, new profile?" (new NotFoundError("Could not open the file at C:\\Users\\azimi\\AppData\\Local\\Temp\\rust_mozprofileMctyXK\\search.json.mozlz4", (void 0)))
DevTools listening on ws://localhost:53412/devtools/browser/b6810471-9715-4e64-a990-1ce3b1c97afe
1652690896278	Marionette	INFO	Listening on port 53439
console.error: BackgroundUpdate: 
  maybeScheduleBackgroundUpdateTask: exiting after uncaught exception in maybeScheduleBackgroundUpdateTask!
  Message: [Exception... "Component returned failure code: 0x80004005 (NS_ERROR_FAILURE) [nsIWinTaskSchedulerService.deleteTask]"  nsresult: "0x80004005 (NS_ERROR_FAILURE)"  location: "JS frame :: resource://gre/modules/TaskSchedulerWinImpl.jsm :: deleteTask :: line 60"  data: no]
  Stack:
    deleteTask@resource://gre/modules/TaskSchedulerWinImpl.jsm:60:16
deleteTask@resource://gre/modules/TaskScheduler.jsm:145:18
maybeScheduleBackgroundUpdateTask@resource://gre/modules/BackgroundUpdate.jsm:469:31

Read port: 53439
1652690896710	RemoteAgent	WARN	TLS certificate errors will be ignored for this session
JavaScript warning: https://www.xe.com/_next/static/chunks/commons.c5900dfeb0c4c9dc8f03.js, line 1: unreachable code after return statement
1652690934358	Marionette	INFO	Stopped listening on port 53439
console.warn: TopSitesFeed: Failed to fetch data from Contile server: NetworkError when attempting to fetch resource.

###!!! [Child][PContentChild] Error: RunMessage(msgname=PHttpChannel::Msg_DeleteSelf) Channel closing: too late to send/recv, messages will be lost


###!!! [Parent][PGPUParent] Error: RunMessage(msgname=PGPU::Msg_ShutdownVR) Channel closing: too late to send/recv, messages will be lost

1652690945770	geckodriver	INFO	Listening on 127.0.0.1:53607
1652690947809	mozrunner::runner	INFO	Running command: "C:\\Program Files\\Mozilla Firefox\\firefox.exe" "--marionette" "--remote-debugging-port" "53608" "--remote-allow-hosts" "localhost" "-no-remote" "-profile" "C:\\Users\\azimi\\AppData\\Local\\Temp\\rust_mozprofile3Kyrz3"
1652690948224	Marionette	INFO	Marionette enabled
console.warn: SearchSettings: "get: No settings file exists, new profile?" (new NotFoundError("Could not open the file at C:\\Users\\azimi\\AppData\\Local\\Temp\\rust_mozprofile3Kyrz3\\search.json.mozlz4", (void 0)))
console.error: BackgroundUpdate: 
  maybeScheduleBackgroundUpdateTask: exiting after uncaught exception in maybeScheduleBackgroundUpdateTask!
  Message: [Exception... "Component returned failure code: 0x80004005 (NS_ERROR_FAILURE) [nsIWinTaskSchedulerService.deleteTask]"  nsresult: "0x80004005 (NS_ERROR_FAILURE)"  location: "JS frame :: resource://gre/modules/TaskSchedulerWinImpl.jsm :: deleteTask :: line 60"  data: no]
  Stack:
    deleteTask@resource://gre/modules/TaskSchedulerWinImpl.jsm:60:16
deleteTask@resource://gre/modules/TaskScheduler.jsm:145:18
maybeScheduleBackgroundUpdateTask@resource://gre/modules/BackgroundUpdate.jsm:469:31

DevTools listening on ws://localhost:53608/devtools/browser/f5496e97-9215-49f2-aa78-eaa1e1bc4912
1652690952985	Marionette	INFO	Listening on port 53630
Read port: 53630
1652690953365	RemoteAgent	WARN	TLS certificate errors will be ignored for this session
JavaScript warning: https://www.xe.com/_next/static/chunks/commons.c5900dfeb0c4c9dc8f03.js, line 1: unreachable code after return statement
1652693593518	geckodriver	INFO	Listening on 127.0.0.1:55065
1652693595535	mozrunner::runner	INFO	Running command: "C:\\Program Files\\Mozilla Firefox\\firefox.exe" "--marionette" "--remote-debugging-port" "55066" "--remote-allow-hosts" "localhost" "-no-remote" "-profile" "C:\\Users\\azimi\\AppData\\Local\\Temp\\rust_mozprofileRxPw4j"
1652693595989	Marionette	INFO	Marionette enabled
console.warn: SearchSettings: "get: No settings file exists, new profile?" (new NotFoundError("Could not open the file at C:\\Users\\azimi\\AppData\\Local\\Temp\\rust_mozprofileRxPw4j\\search.json.mozlz4", (void 0)))
DevTools listening on ws://localhost:55066/devtools/browser/767cc932-b89b-4b9e-8a0c-121a3ee76aa7
console.error: BackgroundUpdate: 
  maybeScheduleBackgroundUpdateTask: exiting after uncaught exception in maybeScheduleBackgroundUpdateTask!
  Message: [Exception... "Component returned failure code: 0x80004005 (NS_ERROR_FAILURE) [nsIWinTaskSchedulerService.deleteTask]"  nsresult: "0x80004005 (NS_ERROR_FAILURE)"  location: "JS frame :: resource://gre/modules/TaskSchedulerWinImpl.jsm :: deleteTask :: line 60"  data: no]
  Stack:
    deleteTask@resource://gre/modules/TaskSchedulerWinImpl.jsm:60:16
deleteTask@resource://gre/modules/TaskScheduler.jsm:145:18
maybeScheduleBackgroundUpdateTask@resource://gre/modules/BackgroundUpdate.jsm:469:31

1652693600473	Marionette	INFO	Listening on port 55088
Read port: 55088
1652693601242	RemoteAgent	WARN	TLS certificate errors will be ignored for this session
JavaScript warning: https://www.xe.com/_next/static/chunks/commons.c5900dfeb0c4c9dc8f03.js, line 1: unreachable code after return statement
1652693644154	Marionette	INFO	Stopped listening on port 55088
console.warn: TopSitesFeed: Failed to fetch data from Contile server: NetworkError when attempting to fetch resource.
JavaScript error: chrome://remote/content/marionette/cert.js, line 55: NS_ERROR_NOT_AVAILABLE: Component returned failure code: 0x80040111 (NS_ERROR_NOT_AVAILABLE) [nsICertOverrideService.setDisableAllSecurityChecksAndLetAttackersInterceptMyData]
1652693741023	geckodriver	INFO	Listening on 127.0.0.1:55228
1652693743029	mozrunner::runner	INFO	Running command: "C:\\Program Files\\Mozilla Firefox\\firefox.exe" "--marionette" "--remote-debugging-port" "55229" "--remote-allow-hosts" "localhost" "-no-remote" "-profile" "C:\\Users\\azimi\\AppData\\Local\\Temp\\rust_mozprofileaBdvbX"
1652693743430	Marionette	INFO	Marionette enabled
console.warn: SearchSettings: "get: No settings file exists, new profile?" (new NotFoundError("Could not open the file at C:\\Users\\azimi\\AppData\\Local\\Temp\\rust_mozprofileaBdvbX\\search.json.mozlz4", (void 0)))
console.error: BackgroundUpdate: 
  maybeScheduleBackgroundUpdateTask: exiting after uncaught exception in maybeScheduleBackgroundUpdateTask!
  Message: [Exception... "Component returned failure code: 0x80004005 (NS_ERROR_FAILURE) [nsIWinTaskSchedulerService.deleteTask]"  nsresult: "0x80004005 (NS_ERROR_FAILURE)"  location: "JS frame :: resource://gre/modules/TaskSchedulerWinImpl.jsm :: deleteTask :: line 60"  data: no]
  Stack:
    deleteTask@resource://gre/modules/TaskSchedulerWinImpl.jsm:60:16
deleteTask@resource://gre/modules/TaskScheduler.jsm:145:18
maybeScheduleBackgroundUpdateTask@resource://gre/modules/BackgroundUpdate.jsm:469:31

DevTools listening on ws://localhost:55229/devtools/browser/e5189f95-d826-4430-9115-040ccf733f17
1652693747812	Marionette	INFO	Listening on port 55248
Read port: 55248
1652693748044	RemoteAgent	WARN	TLS certificate errors will be ignored for this session
JavaScript warning: https://www.xe.com/_next/static/chunks/commons.c5900dfeb0c4c9dc8f03.js, line 1: unreachable code after return statement
1652693795079	Marionette	INFO	Stopped listening on port 55248
console.warn: TopSitesFeed: Failed to fetch data from Contile server: NetworkError when attempting to fetch resource.
JavaScript error: chrome://remote/content/marionette/cert.js, line 55: NS_ERROR_NOT_AVAILABLE: Component returned failure code: 0x80040111 (NS_ERROR_NOT_AVAILABLE) [nsICertOverrideService.setDisableAllSecurityChecksAndLetAttackersInterceptMyData]

###!!! [Parent][PGPUParent] Error: RunMessage(msgname=PGPU::Msg_ShutdownVR) Channel closing: too late to send/recv, messages will be lost

1652693969656	geckodriver	INFO	Listening on 127.0.0.1:55398
1652693971681	mozrunner::runner	INFO	Running command: "C:\\Program Files\\Mozilla Firefox\\firefox.exe" "--marionette" "--remote-debugging-port" "55399" "--remote-allow-hosts" "localhost" "-no-remote" "-profile" "C:\\Users\\azimi\\AppData\\Local\\Temp\\rust_mozprofileBWQfCX"
1652693972198	Marionette	INFO	Marionette enabled
console.warn: SearchSettings: "get: No settings file exists, new profile?" (new NotFoundError("Could not open the file at C:\\Users\\azimi\\AppData\\Local\\Temp\\rust_mozprofileBWQfCX\\search.json.mozlz4", (void 0)))
console.error: BackgroundUpdate: 
  maybeScheduleBackgroundUpdateTask: exiting after uncaught exception in maybeScheduleBackgroundUpdateTask!
  Message: [Exception... "Component returned failure code: 0x80004005 (NS_ERROR_FAILURE) [nsIWinTaskSchedulerService.deleteTask]"  nsresult: "0x80004005 (NS_ERROR_FAILURE)"  location: "JS frame :: resource://gre/modules/TaskSchedulerWinImpl.jsm :: deleteTask :: line 60"  data: no]
  Stack:
    deleteTask@resource://gre/modules/TaskSchedulerWinImpl.jsm:60:16
deleteTask@resource://gre/modules/TaskScheduler.jsm:145:18
maybeScheduleBackgroundUpdateTask@resource://gre/modules/BackgroundUpdate.jsm:469:31

DevTools listening on ws://localhost:55399/devtools/browser/56e63bf7-5199-4e1e-94b9-0ee73d5b0dba
1652693977937	Marionette	INFO	Listening on port 55421
Read port: 55421
1652693978364	RemoteAgent	WARN	TLS certificate errors will be ignored for this session
console.error: Region.jsm: "Error fetching region" (new Error("TIMEOUT", "resource://gre/modules/Region.jsm", 772))
console.error: Region.jsm: "Failed to fetch region" (new Error("TIMEOUT", "resource://gre/modules/Region.jsm", 419))
JavaScript warning: https://www.xe.com/_next/static/chunks/commons.c5900dfeb0c4c9dc8f03.js, line 1: unreachable code after return statement
1652694085550	Marionette	INFO	Stopped listening on port 55421
console.warn: TopSitesFeed: Failed to fetch data from Contile server: NetworkError when attempting to fetch resource.
JavaScript error: chrome://remote/content/marionette/cert.js, line 55: NS_ERROR_NOT_AVAILABLE: Component returned failure code: 0x80040111 (NS_ERROR_NOT_AVAILABLE) [nsICertOverrideService.setDisableAllSecurityChecksAndLetAttackersInterceptMyData]

###!!! [Parent][PGPUParent] Error: RunMessage(msgname=PGPU::Msg_ShutdownVR) Channel closing: too late to send/recv, messages will be lost

1652694216883	geckodriver	INFO	Listening on 127.0.0.1:55766
1652694218896	mozrunner::runner	INFO	Running command: "C:\\Program Files\\Mozilla Firefox\\firefox.exe" "--marionette" "--remote-debugging-port" "55767" "--remote-allow-hosts" "localhost" "-no-remote" "-profile" "C:\\Users\\azimi\\AppData\\Local\\Temp\\rust_mozprofileccw1fZ"
1652694219309	Marionette	INFO	Marionette enabled
console.warn: SearchSettings: "get: No settings file exists, new profile?" (new NotFoundError("Could not open the file at C:\\Users\\azimi\\AppData\\Local\\Temp\\rust_mozprofileccw1fZ\\search.json.mozlz4", (void 0)))
console.error: BackgroundUpdate: 
  maybeScheduleBackgroundUpdateTask: exiting after uncaught exception in maybeScheduleBackgroundUpdateTask!
  Message: [Exception... "Component returned failure code: 0x80004005 (NS_ERROR_FAILURE) [nsIWinTaskSchedulerService.deleteTask]"  nsresult: "0x80004005 (NS_ERROR_FAILURE)"  location: "JS frame :: resource://gre/modules/TaskSchedulerWinImpl.jsm :: deleteTask :: line 60"  data: no]
  Stack:
    deleteTask@resource://gre/modules/TaskSchedulerWinImpl.jsm:60:16
deleteTask@resource://gre/modules/TaskScheduler.jsm:145:18
maybeScheduleBackgroundUpdateTask@resource://gre/modules/BackgroundUpdate.jsm:469:31

DevTools listening on ws://localhost:55767/devtools/browser/e645d29b-6787-4e91-b145-6ee476184127
1652694225076	Marionette	INFO	Listening on port 55798
Read port: 55798
1652694225124	RemoteAgent	WARN	TLS certificate errors will be ignored for this session
console.error: Region.jsm: "Error fetching region" (new Error("TIMEOUT", "resource://gre/modules/Region.jsm", 772))
console.error: Region.jsm: "Failed to fetch region" (new Error("TIMEOUT", "resource://gre/modules/Region.jsm", 419))
JavaScript warning: https://www.xe.com/_next/static/chunks/commons.c5900dfeb0c4c9dc8f03.js, line 1: unreachable code after return statement
1652694422293	geckodriver	INFO	Listening on 127.0.0.1:56142
1652694424303	mozrunner::runner	INFO	Running command: "C:\\Program Files\\Mozilla Firefox\\firefox.exe" "--marionette" "--remote-debugging-port" "56143" "--remote-allow-hosts" "localhost" "-no-remote" "-profile" "C:\\Users\\azimi\\AppData\\Local\\Temp\\rust_mozprofilezE5ET1"
1652694426110	Marionette	INFO	Marionette enabled
console.warn: SearchSettings: "get: No settings file exists, new profile?" (new NotFoundError("Could not open the file at C:\\Users\\azimi\\AppData\\Local\\Temp\\rust_mozprofilezE5ET1\\search.json.mozlz4", (void 0)))
console.error: BackgroundUpdate: 
  maybeScheduleBackgroundUpdateTask: exiting after uncaught exception in maybeScheduleBackgroundUpdateTask!
  Message: [Exception... "Component returned failure code: 0x80004005 (NS_ERROR_FAILURE) [nsIWinTaskSchedulerService.deleteTask]"  nsresult: "0x80004005 (NS_ERROR_FAILURE)"  location: "JS frame :: resource://gre/modules/TaskSchedulerWinImpl.jsm :: deleteTask :: line 60"  data: no]
  Stack:
    deleteTask@resource://gre/modules/TaskSchedulerWinImpl.jsm:60:16
deleteTask@resource://gre/modules/TaskScheduler.jsm:145:18
maybeScheduleBackgroundUpdateTask@resource://gre/modules/BackgroundUpdate.jsm:469:31

DevTools listening on ws://localhost:56143/devtools/browser/b141a952-c143-432c-8f98-63e2e593501f
1652694432054	Marionette	INFO	Listening on port 56165
Read port: 56165
console.error: Region.jsm: "Error fetching region" (new Error("TIMEOUT", "resource://gre/modules/Region.jsm", 772))
console.error: Region.jsm: "Failed to fetch region" (new Error("TIMEOUT", "resource://gre/modules/Region.jsm", 419))
1652694432646	RemoteAgent	WARN	TLS certificate errors will be ignored for this session
JavaScript warning: https://www.xe.com/_next/static/chunks/commons.c5900dfeb0c4c9dc8f03.js, line 1: unreachable code after return statement
1652694455554	Marionette	WARN	TimedPromise timed out after 500 ms: stacktrace:
TimedPromise/<@chrome://remote/content/marionette/sync.js:235:19
TimedPromise@chrome://remote/content/marionette/sync.js:220:10
interaction.flushEventLoop@chrome://remote/content/marionette/interaction.js:431:10
webdriverClickElement@chrome://remote/content/marionette/interaction.js:179:31
1652694518845	Marionette	INFO	Stopped listening on port 5616165Marionette threw an error: TypeError: browsingContext.currentWindowGlobal is null
getMarionetteCommandsActorProxy/get/<@chrome://remote/content/marionette/actors/MarionetteCommandsParent.jsm:332:29

console.warn: TopSitesFeed: Failed to fetch data from Contile server: N1652694522391	Marionette	INFO	Marionette enabled
console.warn: SearchSettings: "get: No settings file exists, new profile?" (new NotFoundError("Could not open the file at C:\\Users\\azimi\\AppData\\Local\\Temp\\rust_mozprofilewjppWO\\search.json.mozlz4", (void 0)))
console.error: BackgroundUpdate: 
  maybeScheduleBackgroundUpdateTask: exiting after uncaught exception in maybeScheduleBackgroundUpdateTask!
  Message: [Exception... "Component returned failure code: 0x80004005 (NS_ERROR_FAILURE) [nsIWinTaskSchedulerService.deleteTask]"  nsresult: "0x80004005 (NS_ERROR_FAILURE)"  location: "JS frame :: resource://gre/modules/TaskSchedulerWinImpl.jsm :: deleteTask :: line 60"  data: no]
  Stack:
    deleteTask@resource://gre/modules/TaskSchedulerWinImpl.jsm:60:16
deleteTask@resource://gre/modules/TaskScheduler.jsm:145:18
maybeScheduleBackgroundUpdateTask@resource://gre/modules/BackgroundUpdate.jsm:469:31

DevTools listening on ws://localhost:56323/devtools/browser/566e4162-04d2-43fd-b8a9-96e018b71c78
1652694526168	Marionette	INFO	Listening on port 56342
Read port: 56342
1652694526722	RemoteAgent	WARN	TLS certificate errors will be ignored for this session
console.error: Region.jsm: "Error fetching region" (new AbortError("The operation was aborted. ", (void 0), 770))
console.error: Region.jsm: "Failed to fetch region" (new Error("NO_RESULT", "resource://gre/modules/Region.jsm", 419))
JavaScript warning: https://www.xe.com/_next/static/chunks/commons.c5900dfeb0c4c9dc8f03.js, line 1: unreachable code after return statement
1652694545590	Marionette	WARN	TimedPromise timed out after 500 ms: stacktrace:
TimedPromise/<@chrome://remote/content/marionette/sync.js:235:19
TimedPromise@chrome://remote/content/marionette/sync.js:220:10
interaction.flushEventLoop@chrome://remote/content/marionette/interaction.js:431:10
webdriverClickElement@chrome://remote/content/marionette/interaction.js:179:31
1652694717970	geckodriver	INFO	Listening on 127.0.0.1:56515
1652694719992	mozrunner::runner	INFO	Running command: "C:\\Program Files\\Mozilla Firefox\\firefox.exe" "--marionette" "--remote-debugging-port" "56516" "--remote-allow-hosts" "localhost" "-no-remote" "-profile" "C:\\Users\\azimi\\AppData\\Local\\Temp\\rust_mozprofileNz6szT"
1652694720536	Marionette	INFO	Marionette enabled
console.warn: SearchSettings: "get: No settings file exists, new profile?" (new NotFoundError("Could not open the file at C:\\Users\\azimi\\AppData\\Local\\Temp\\rust_mozprofileNz6szT\\search.json.mozlz4", (void 0)))
console.error: BackgroundUpdate: 
  maybeScheduleBackgroundUpdateTask: exiting after uncaught exception in maybeScheduleBackgroundUpdateTask!
  Message: [Exception... "Component returned failure code: 0x80004005 (NS_ERROR_FAILURE) [nsIWinTaskSchedulerService.deleteTask]"  nsresult: "0x80004005 (NS_ERROR_FAILURE)"  location: "JS frame :: resource://gre/modules/TaskSchedulerWinImpl.jsm :: deleteTask :: line 60"  data: no]
  Stack:
    deleteTask@resource://gre/modules/TaskSchedulerWinImpl.jsm:60:16
deleteTask@resource://gre/modules/TaskScheduler.jsm:145:18
maybeScheduleBackgroundUpdateTask@resource://gre/modules/BackgroundUpdate.jsm:469:31

DevTools listening on ws://localhost:56516/devtools/browser/b6697493-939c-4d0c-a108-79569086b9c4
1652694724700	Marionette	INFO	Listening on port 56538
Read port: 56538
1652694724851	RemoteAgent	WARN	TLS certificate errors will be ignored for this session
JavaScript warning: https://www.xe.com/_next/static/chunks/commons.c5900dfeb0c4c9dc8f03.js, line 1: unreachable code after return statement
1652694922360	geckodriver	INFO	Listening on 127.0.0.1:56766
1652694924381	mozrunner::runner	INFO	Running command: "C:\\Program Files\\Mozilla Firefox\\firefox.exe" "--marionette" "--remote-debugging-port" "56767" "--remote-allow-hosts" "localhost" "-no-remote" "-profile" "C:\\Users\\azimi\\AppData\\Local\\Temp\\rust_mozprofilemgEOnh"
1652694925223	Marionette	INFO	Marionette enabled
console.warn: SearchSettings: "get: No settings file exists, new profile?" (new NotFoundError("Could not open the file at C:\\Users\\azimi\\AppData\\Local\\Temp\\rust_mozprofilemgEOnh\\search.json.mozlz4", (void 0)))
DevTools listening on ws://localhost:56767/devtools/browser/3f7e4fbe-31a2-4f0f-8981-62423c891a25
1652694929553	Marionette	INFO	Listening on port 56788
Read port: 56788
console.error: BackgroundUpdate: 
  maybeScheduleBackgroundUpdateTask: exiting after uncaught exception in maybeScheduleBackgroundUpdateTask!
  Message: [Exception... "Component returned failure code: 0x80004005 (NS_ERROR_FAILURE) [nsIWinTaskSchedulerService.deleteTask]"  nsresult: "0x80004005 (NS_ERROR_FAILURE)"  location: "JS frame :: resource://gre/modules/TaskSchedulerWinImpl.jsm :: deleteTask :: line 60"  data: no]
  Stack:
    deleteTask@resource://gre/modules/TaskSchedulerWinImpl.jsm:60:16
deleteTask@resource://gre/modules/TaskScheduler.jsm:145:18
maybeScheduleBackgroundUpdateTask@resource://gre/modules/BackgroundUpdate.jsm:469:31

1652694929927	RemoteAgent	WARN	TLS certificate errors will be ignored for this session
JavaScript warning: https://www.xe.com/_next/static/chunks/commons.c5900dfeb0c4c9dc8f03.js, line 1: unreachable code after return statement
1652695206188	geckodriver	INFO	Listening on 127.0.0.1:56976
1652695208200	mozrunner::runner	INFO	Running command: "C:\\Program Files\\Mozilla Firefox\\firefox.exe" "--marionette" "--remote-debugging-port" "56977" "--remote-allow-hosts" "localhost" "-no-remote" "-profile" "C:\\Users\\azimi\\AppData\\Local\\Temp\\rust_mozprofileijiYat"
1652695208657	Marionette	INFO	Marionette enabled
console.warn: SearchSettings: "get: No settings file exists, new profile?" (new NotFoundError("Could not open the file at C:\\Users\\azimi\\AppData\\Local\\Temp\\rust_mozprofileijiYat\\search.json.mozlz4", (void 0)))
console.error: BackgroundUpdate: 
  maybeScheduleBackgroundUpdateTask: exiting after uncaught exception in maybeScheduleBackgroundUpdateTask!
  Message: [Exception... "Component returned failure code: 0x80004005 (NS_ERROR_FAILURE) [nsIWinTaskSchedulerService.deleteTask]"  nsresult: "0x80004005 (NS_ERROR_FAILURE)"  location: "JS frame :: resource://gre/modules/TaskSchedulerWinImpl.jsm :: deleteTask :: line 60"  data: no]
  Stack:
    deleteTask@resource://gre/modules/TaskSchedulerWinImpl.jsm:60:16
deleteTask@resource://gre/modules/TaskScheduler.jsm:145:18
maybeScheduleBackgroundUpdateTask@resource://gre/modules/BackgroundUpdate.jsm:469:31

DevTools listening on ws://localhost:56977/devtools/browser/9f99e38e-1c09-4d39-99f5-6cc6f66e2a07
1652695212788	Marionette	INFO	Listening on port 56995
Read port: 56995
1652695212979	RemoteAgent	WARN	TLS certificate errors will be ignored for this session
JavaScript warning: https://www.xe.com/_next/static/chunks/commons.c5900dfeb0c4c9dc8f03.js, line 1: unreachable code after return statement
JavaScript warning: https://z.moatads.com/exponential54894892/moatad.js#moatClientLevel1=735993&moatClientLevel2=14360142&moatClientLevel3=10884325&moatClientLevel4=728x90&moatClientSlicer1=14380&moatClientSlicer2=19931&zMoatRND=2073815743&zMoatCT=GERMANY&zMoatDEV=deviceID:170080;osID:190071;browserID:267994&zMoatCtn=teaser_80ee06db-71b8-8cab-f003-6a5ea6d74a17, line 244: WEBGL_debug_renderer_info is deprecated in Firefox and will be removed. Please use RENDERER.
1652695428826	Marionette	INFO	Stopped listening on port 56995
console.warn: TopSitesFeed: Failed to fetch data from Contile server: NetworkError when attempting to fetch resource.
JavaScript error: chrome://remote/content/marionette/cert.js, line 55: NS_ERROR_NOT_AVAILABLE: Component returned failure code: 0x80040111 (NS_ERROR_NOT_AVAILABLE) [nsICertOverrideService.setDisableAllSecurityChecksAndLetAttackersInterceptMyData]

###!!! [Parent][PGPUParent] Error: RunMessage(msgname=PGPU::Msg_ShutdownVR) Channel closing: too late to send/recv, messages will be lost

